# JRE version: Java(TM) SE Runtime Environment (17.0.2+8) (build 17.0.2+8-LTS-86)
# Java VM: Java HotSpot(TM) 64-Bit Server VM (17.0.2+8-LTS-86, mixed mode, sharing, tiered, compressed oops, compressed class ptrs, g1 gc, windows-amd64)
GC Precious Log:
 CPUs: 8 total, 8 available
 Memory: 6082M
 Large Page Support: Disabled
 NUMA Support: Disabled
 Compressed Oops: Enabled (32-bit)
 Heap Region Size: 1M
 Heap Min Capacity: 8M
 Heap Initial Capacity: 96M
 Heap Max Capacity: 1522M
 Pre-touch: Disabled
 Parallel Workers: 8
 Concurrent Workers: 2
 Concurrent Refinement Workers: 8
 Periodic GC: Disabled
Heap:
 garbage-first heap   total 55296K, used 29123K [0x00000000a0e00000, 0x0000000100000000)
  region size 1024K, 10 young (10240K), 2 survivors (2048K)
 Metaspace       used 49203K, committed 49664K, reserved 1097728K
  class space    used 6747K, committed 6976K, reserved 1048576K
GC Heap History (20 events):
Event: 2.332 GC heap before
{Heap before GC invocations=0 (full 0):
 garbage-first heap   total 98304K, used 24576K [0x00000000a0e00000, 0x0000000100000000)
  region size 1024K, 23 young (23552K), 0 survivors (0K)
 Metaspace       used 6239K, committed 6400K, reserved 1056768K
  class space    used 748K, committed 832K, reserved 1048576K
}
Event: 2.349 GC heap after
{Heap after GC invocations=1 (full 0):
 garbage-first heap   total 98304K, used 7552K [0x00000000a0e00000, 0x0000000100000000)
  region size 1024K, 3 young (3072K), 3 survivors (3072K)
 Metaspace       used 6239K, committed 6400K, reserved 1056768K
  class space    used 748K, committed 832K, reserved 1048576K
}
Event: 3.601 GC heap before
{Heap before GC invocations=1 (full 0):
 garbage-first heap   total 98304K, used 34176K [0x00000000a0e00000, 0x0000000100000000)
  region size 1024K, 30 young (30720K), 3 survivors (3072K)
 Metaspace       used 13179K, committed 13504K, reserved 1064960K
  class space    used 1635K, committed 1792K, reserved 1048576K
}
Event: 3.610 GC heap after
{Heap after GC invocations=2 (full 0):
 garbage-first heap   total 98304K, used 10184K [0x00000000a0e00000, 0x0000000100000000)
  region size 1024K, 3 young (3072K), 3 survivors (3072K)
 Metaspace       used 13179K, committed 13504K, reserved 1064960K
  class space    used 1635K, committed 1792K, reserved 1048576K
}
Event: 7.014 GC heap before
{Heap before GC invocations=2 (full 0):
 garbage-first heap   total 98304K, used 56264K [0x00000000a0e00000, 0x0000000100000000)
  region size 1024K, 49 young (50176K), 3 survivors (3072K)
 Metaspace       used 21216K, committed 21504K, reserved 1073152K
  class space    used 2657K, committed 2816K, reserved 1048576K
}
Event: 7.030 GC heap after
{Heap after GC invocations=3 (full 0):
 garbage-first heap   total 98304K, used 14152K [0x00000000a0e00000, 0x0000000100000000)
  region size 1024K, 7 young (7168K), 7 survivors (7168K)
 Metaspace       used 21216K, committed 21504K, reserved 1073152K
  class space    used 2657K, committed 2816K, reserved 1048576K
}
Event: 8.428 GC heap before
{Heap before GC invocations=4 (full 0):
 garbage-first heap   total 55296K, used 39752K [0x00000000a0e00000, 0x0000000100000000)
  region size 1024K, 32 young (32768K), 7 survivors (7168K)
 Metaspace       used 25951K, committed 26304K, reserved 1073152K
  class space    used 3352K, committed 3520K, reserved 1048576K
}
Event: 8.453 GC heap after
{Heap after GC invocations=5 (full 0):
 garbage-first heap   total 55296K, used 17224K [0x00000000a0e00000, 0x0000000100000000)
  region size 1024K, 4 young (4096K), 4 survivors (4096K)
 Metaspace       used 25951K, committed 26304K, reserved 1073152K
  class space    used 3352K, committed 3520K, reserved 1048576K
}
Event: 8.503 GC heap before
{Heap before GC invocations=5 (full 0):
 garbage-first heap   total 55296K, used 17224K [0x00000000a0e00000, 0x0000000100000000)
  region size 1024K, 5 young (5120K), 4 survivors (4096K)
 Metaspace       used 26279K, committed 26560K, reserved 1073152K
  class space    used 3388K, committed 3520K, reserved 1048576K
}
Event: 8.513 GC heap after
{Heap after GC invocations=6 (full 0):
 garbage-first heap   total 55296K, used 17499K [0x00000000a0e00000, 0x0000000100000000)
  region size 1024K, 1 young (1024K), 1 survivors (1024K)
 Metaspace       used 26279K, committed 26560K, reserved 1073152K
  class space    used 3388K, committed 3520K, reserved 1048576K
}
Event: 9.446 GC heap before
{Heap before GC invocations=6 (full 0):
 garbage-first heap   total 55296K, used 36955K [0x00000000a0e00000, 0x0000000100000000)
  region size 1024K, 21 young (21504K), 1 survivors (1024K)
 Metaspace       used 30761K, committed 31168K, reserved 1081344K
  class space    used 3989K, committed 4160K, reserved 1048576K
}
Event: 9.451 GC heap after
{Heap after GC invocations=7 (full 0):
 garbage-first heap   total 55296K, used 18508K [0x00000000a0e00000, 0x0000000100000000)
  region size 1024K, 2 young (2048K), 2 survivors (2048K)
 Metaspace       used 30761K, committed 31168K, reserved 1081344K
  class space    used 3989K, committed 4160K, reserved 1048576K
}
Event: 10.577 GC heap before
{Heap before GC invocations=7 (full 0):
 garbage-first heap   total 55296K, used 37964K [0x00000000a0e00000, 0x0000000100000000)
  region size 1024K, 22 young (22528K), 2 survivors (2048K)
 Metaspace       used 35575K, committed 35968K, reserved 1081344K
  class space    used 4785K, committed 4992K, reserved 1048576K
}
Event: 10.581 GC heap after
{Heap after GC invocations=8 (full 0):
 garbage-first heap   total 55296K, used 19507K [0x00000000a0e00000, 0x0000000100000000)
  region size 1024K, 3 young (3072K), 3 survivors (3072K)
 Metaspace       used 35575K, committed 35968K, reserved 1081344K
  class space    used 4785K, committed 4992K, reserved 1048576K
}
Event: 11.925 GC heap before
{Heap before GC invocations=9 (full 0):
 garbage-first heap   total 55296K, used 39987K [0x00000000a0e00000, 0x0000000100000000)
  region size 1024K, 24 young (24576K), 3 survivors (3072K)
 Metaspace       used 41262K, committed 41728K, reserved 1089536K
  class space    used 5542K, committed 5760K, reserved 1048576K
}
Event: 11.930 GC heap after
{Heap after GC invocations=10 (full 0):
 garbage-first heap   total 55296K, used 21128K [0x00000000a0e00000, 0x0000000100000000)
  region size 1024K, 3 young (3072K), 3 survivors (3072K)
 Metaspace       used 41262K, committed 41728K, reserved 1089536K
  class space    used 5542K, committed 5760K, reserved 1048576K
}
Event: 11.976 GC heap before
{Heap before GC invocations=10 (full 0):
 garbage-first heap   total 55296K, used 22152K [0x00000000a0e00000, 0x0000000100000000)
  region size 1024K, 4 young (4096K), 3 survivors (3072K)
 Metaspace       used 41434K, committed 41920K, reserved 1089536K
  class space    used 5564K, committed 5760K, reserved 1048576K
}
Event: 11.982 GC heap after
{Heap after GC invocations=11 (full 0):
 garbage-first heap   total 55296K, used 21027K [0x00000000a0e00000, 0x0000000100000000)
  region size 1024K, 1 young (1024K), 1 survivors (1024K)
 Metaspace       used 41434K, committed 41920K, reserved 1089536K
  class space    used 5564K, committed 5760K, reserved 1048576K
}
Event: 13.261 GC heap before
{Heap before GC invocations=11 (full 0):
 garbage-first heap   total 55296K, used 40483K [0x00000000a0e00000, 0x0000000100000000)
  region size 1024K, 21 young (21504K), 1 survivors (1024K)
 Metaspace       used 47493K, committed 47936K, reserved 1097728K
  class space    used 6406K, committed 6592K, reserved 1048576K
}
Event: 13.264 GC heap after
{Heap after GC invocations=12 (full 0):
 garbage-first heap   total 55296K, used 21955K [0x00000000a0e00000, 0x0000000100000000)
  region size 1024K, 2 young (2048K), 2 survivors (2048K)
 Metaspace       used 47493K, committed 47936K, reserved 1097728K
  class space    used 6406K, committed 6592K, reserved 1048576K
}

